-------------------------------------------------------------------------------
Test set: com.danubetech.keyformats.keytypes.PsmsBlsTest
-------------------------------------------------------------------------------
Tests run: 2, Failures: 0, Errors: 2, Skipped: 0, Time elapsed: 0.225 s <<< FAILURE! -- in com.danubetech.keyformats.keytypes.PsmsBlsTest
com.danubetech.keyformats.keytypes.PsmsBlsTest.testSignVerify -- Time elapsed: 0.004 s <<< ERROR!
java.lang.ExceptionInInitializerError
	at com.danubetech.keyformats.keytypes.PsmsBlsTest.<clinit>(PsmsBlsTest.java:107)
	at java.base/java.lang.reflect.Constructor.newInstanceWithCaller(Constructor.java:499)
	at java.base/java.lang.reflect.Constructor.newInstance(Constructor.java:480)
	at java.base/java.util.Optional.orElseGet(Optional.java:364)
	at java.base/java.util.ArrayList.forEach(ArrayList.java:1511)
	at java.base/java.util.ArrayList.forEach(ArrayList.java:1511)
Caused by: com.fasterxml.jackson.databind.JsonMappingException: Illegal unquoted character ((CTRL-CHAR, code 10)): has to be escaped using backslash to be included in string value
 at [Source: (String)"    {
    "kty": "EC",
    "crv": "PSMS",
    "vx": "CngKOhFOkN4Pg8Qmqc7vNXv2kglzwY/bg7jCUJwMtiTz7Fzq1uW0w6g+HJuHoK+HrJnEFO2rv3+zDADEhVkSOgoE2lC9yara7RuTn+nrLAWCnHGOCUMkJq5rWKdsE3YMe96VoEJ8UVEsA7bYUU2hckKqIQU81NJObW4=",
    "vy_m": "CngKOgQJnDlpFvjBCBecKL9+kglmUUS0BkfaIqILTplq+RkSAK3/mVMpl1VH3CVZq68hK37u7JJ0067eioYSOgS3YNAMmpfbFJV1ZBptG74hHqfv3rtkulxAcbBA2u5eERCz+T38HfaSrRZW5K/F/91Aspq/UJ83wH8=",
    "vy_epoch": "CngKOhEHaXAjoSzR68u7UYMCDa8hWLizWbW/mmG2X/9BPMrJeNVnBPpjfg/ZIu4e0VGRFJX28geAo2J7xPE"[truncated 3573 chars]; line: 7, column: 232] (through reference chain: com.danubetech.keyformats.jose.JWK["vy"])
	at com.fasterxml.jackson.databind.JsonMappingException.wrapWithPath(JsonMappingException.java:402)
	at com.fasterxml.jackson.databind.JsonMappingException.wrapWithPath(JsonMappingException.java:361)
	at com.fasterxml.jackson.databind.deser.BeanDeserializerBase.wrapAndThrow(BeanDeserializerBase.java:1853)
	at com.fasterxml.jackson.databind.deser.BeanDeserializer.vanillaDeserialize(BeanDeserializer.java:316)
	at com.fasterxml.jackson.databind.deser.BeanDeserializer.deserialize(BeanDeserializer.java:177)
	at com.fasterxml.jackson.databind.deser.DefaultDeserializationContext.readRootValue(DefaultDeserializationContext.java:323)
	at com.fasterxml.jackson.databind.ObjectMapper._readMapAndClose(ObjectMapper.java:4825)
	at com.fasterxml.jackson.databind.ObjectMapper.readValue(ObjectMapper.java:3772)
	at com.fasterxml.jackson.databind.ObjectMapper.readValue(ObjectMapper.java:3740)
	at com.danubetech.keyformats.jose.JWK.fromJson(JWK.java:107)
	at com.danubetech.keyformats.keytypes.PsmsBlsTest.<clinit>(PsmsBlsTest.java:53)
	... 5 more
Caused by: com.fasterxml.jackson.core.JsonParseException: Illegal unquoted character ((CTRL-CHAR, code 10)): has to be escaped using backslash to be included in string value
 at [Source: (String)"    {
    "kty": "EC",
    "crv": "PSMS",
    "vx": "CngKOhFOkN4Pg8Qmqc7vNXv2kglzwY/bg7jCUJwMtiTz7Fzq1uW0w6g+HJuHoK+HrJnEFO2rv3+zDADEhVkSOgoE2lC9yara7RuTn+nrLAWCnHGOCUMkJq5rWKdsE3YMe96VoEJ8UVEsA7bYUU2hckKqIQU81NJObW4=",
    "vy_m": "CngKOgQJnDlpFvjBCBecKL9+kglmUUS0BkfaIqILTplq+RkSAK3/mVMpl1VH3CVZq68hK37u7JJ0067eioYSOgS3YNAMmpfbFJV1ZBptG74hHqfv3rtkulxAcbBA2u5eERCz+T38HfaSrRZW5K/F/91Aspq/UJ83wH8=",
    "vy_epoch": "CngKOhEHaXAjoSzR68u7UYMCDa8hWLizWbW/mmG2X/9BPMrJeNVnBPpjfg/ZIu4e0VGRFJX28geAo2J7xPE"[truncated 3573 chars]; line: 7, column: 232]
	at com.fasterxml.jackson.core.JsonParser._constructError(JsonParser.java:2477)
	at com.fasterxml.jackson.core.base.ParserMinimalBase._reportError(ParserMinimalBase.java:750)
	at com.fasterxml.jackson.core.base.ParserBase._throwUnquotedSpace(ParserBase.java:1374)
	at com.fasterxml.jackson.core.json.ReaderBasedJsonParser._finishString2(ReaderBasedJsonParser.java:2235)
	at com.fasterxml.jackson.core.json.ReaderBasedJsonParser._finishString(ReaderBasedJsonParser.java:2206)
	at com.fasterxml.jackson.core.json.ReaderBasedJsonParser.getText(ReaderBasedJsonParser.java:323)
	at com.fasterxml.jackson.databind.deser.std.StringDeserializer.deserialize(StringDeserializer.java:42)
	at com.fasterxml.jackson.databind.deser.std.StringDeserializer.deserialize(StringDeserializer.java:11)
	at com.fasterxml.jackson.databind.deser.impl.MethodProperty.deserializeAndSet(MethodProperty.java:129)
	at com.fasterxml.jackson.databind.deser.BeanDeserializer.vanillaDeserialize(BeanDeserializer.java:314)
	... 12 more

com.danubetech.keyformats.keytypes.PsmsBlsTest.testPublicKey -- Time elapsed: 0.001 s <<< ERROR!
java.lang.NoClassDefFoundError: Could not initialize class com.danubetech.keyformats.keytypes.PsmsBlsTest
	at java.base/java.lang.reflect.Constructor.newInstanceWithCaller(Constructor.java:499)
	at java.base/java.lang.reflect.Constructor.newInstance(Constructor.java:480)
	at java.base/java.util.Optional.orElseGet(Optional.java:364)
	at java.base/java.util.ArrayList.forEach(ArrayList.java:1511)
	at java.base/java.util.ArrayList.forEach(ArrayList.java:1511)

