<?xml version="1.0" encoding="UTF-8"?>
<testsuite xmlns:xsi="http://www.w3.org/2001/XMLSchema-instance" xsi:noNamespaceSchemaLocation="https://maven.apache.org/surefire/maven-surefire-plugin/xsd/surefire-test-report-3.0.xsd" version="3.0" name="com.danubetech.keyformats.keytypes.P_256Test" time="0.061" tests="3" errors="0" skipped="0" failures="0">
  <properties>
[...]
</properties>
  <testcase name="testSignVerify" classname="com.danubetech.keyformats.keytypes.P_256Test" time="0.048"/>
  <testcase name="testPrivateKey" classname="com.danubetech.keyformats.keytypes.P_256Test" time="0.008"/>
  <testcase name="testPublicKey" classname="com.danubetech.keyformats.keytypes.P_256Test" time="0.002"/>
</testsuite>